Arguments: 
  /home/quam/.nvm/versions/node/v16.13.2/bin/node /usr/share/yarn/bin/yarn.js add firebase

PATH: 
  /home/quam/.rbenv/plugins/ruby-build/bin:/home/quam/.rbenv/shims:/home/quam/.rbenv/bin:/home/quam/.rbenv/plugins/ruby-build/bin:/home/quam/.rbenv/shims:/home/quam/.rbenv/bin:/home/quam/.nvm/versions/node/v16.13.2/bin:/home/quam/.rbenv/plugins/ruby-build/bin:/home/quam/.rbenv/shims:/home/quam/.rbenv/bin:/home/quam/.rbenv/plugins/ruby-build/bin:/home/quam/.rbenv/shims:/home/quam/.rbenv/bin:/home/quam/.local/bin:/usr/local/sbin:/usr/local/bin:/usr/sbin:/usr/bin:/sbin:/bin:/usr/games:/usr/local/games:/snap/bin

Yarn version: 
  1.22.5

Node version: 
  16.13.2

Platform: 
  linux x64

Trace: 
  Error: https://registry.yarnpkg.com/webpack: ESOCKETTIMEDOUT
      at ClientRequest.<anonymous> (/usr/share/yarn/lib/cli.js:141376:19)
      at Object.onceWrapper (node:events:509:28)
      at ClientRequest.emit (node:events:390:28)
      at TLSSocket.emitRequestTimeout (node:_http_client:763:9)
      at Object.onceWrapper (node:events:509:28)
      at TLSSocket.emit (node:events:402:35)
      at TLSSocket.Socket._onTimeout (node:net:501:8)
      at listOnTimeout (node:internal/timers:557:17)
      at processTimers (node:internal/timers:500:7)

npm manifest: 
  {
    "name": "fireapp",
    "version": "1.0.0",
    "description": "",
    "main": "index.js",
    "scripts": {
      "test": "echo \"Error: no test specified\" && exit 1",
      "build": "webpack"
    },
    "author": "",
    "license": "ISC",
    "devDependencies": {
      "webpack": "^5.74.0",
      "webpack-cli": "^4.10.0"
    }
  }

yarn manifest: 
  No manifest

Lockfile: 
  No lockfile
